<?xml version="1.0" encoding="UTF-8"?>
<testsuite name="com.manning.gia.todo.repository.InMemoryToDoRepositoryTest" tests="7" skipped="0" failures="0" errors="0" timestamp="2015-07-18T22:07:31" hostname="GrandaPablo" time="0.04">
  <properties/>
  <testcase name="testInsertToDoItem" classname="com.manning.gia.todo.repository.InMemoryToDoRepositoryTest" time="0.011"/>
  <testcase name="testFindAllActiveToDoItems" classname="com.manning.gia.todo.repository.InMemoryToDoRepositoryTest" time="0.002"/>
  <testcase name="testDeleteToDoItem" classname="com.manning.gia.todo.repository.InMemoryToDoRepositoryTest" time="0.001"/>
  <testcase name="testFindAllToDoItems" classname="com.manning.gia.todo.repository.InMemoryToDoRepositoryTest" time="0.002"/>
  <testcase name="testFindAllCompletedToDoItems" classname="com.manning.gia.todo.repository.InMemoryToDoRepositoryTest" time="0.001"/>
  <testcase name="testFindToDoItemById" classname="com.manning.gia.todo.repository.InMemoryToDoRepositoryTest" time="0.002"/>
  <testcase name="testUpdateToDoItem" classname="com.manning.gia.todo.repository.InMemoryToDoRepositoryTest" time="0.0"/>
  <system-out><![CDATA[]]></system-out>
  <system-err><![CDATA[]]></system-err>
</testsuite>
